# JRE version: Java(TM) SE Runtime Environment (17.0.8+9) (build 17.0.8+9-LTS-211)
# Java VM: Java HotSpot(TM) 64-Bit Server VM (17.0.8+9-LTS-211, mixed mode, sharing, tiered, compressed oops, compressed class ptrs, g1 gc, windows-amd64)
GC Precious Log:
 CPUs: 16 total, 16 available
 Memory: 15791M
 Large Page Support: Disabled
 NUMA Support: Disabled
 Compressed Oops: Enabled (Zero based)
 Heap Region Size: 2M
 Heap Min Capacity: 8M
 Heap Initial Capacity: 248M
 Heap Max Capacity: 3948M
 Pre-touch: Disabled
 Parallel Workers: 13
 Concurrent Workers: 3
 Concurrent Refinement Workers: 13
 Periodic GC: Disabled
Heap:
 garbage-first heap   total 55296K, used 17298K [0x0000000709400000, 0x0000000800000000)
  region size 2048K, 3 young (6144K), 2 survivors (4096K)
 Metaspace       used 26499K, committed 26816K, reserved 1114112K
  class space    used 3496K, committed 3648K, reserved 1048576K
GC Heap History (8 events):
Event: 0.823 GC heap before
{Heap before GC invocations=0 (full 0):
 garbage-first heap   total 253952K, used 22528K [0x0000000709400000, 0x0000000800000000)
  region size 2048K, 11 young (22528K), 0 survivors (0K)
 Metaspace       used 4936K, committed 5056K, reserved 1114112K
  class space    used 574K, committed 640K, reserved 1048576K
}
Event: 0.827 GC heap after
{Heap after GC invocations=1 (full 0):
 garbage-first heap   total 253952K, used 2950K [0x0000000709400000, 0x0000000800000000)
  region size 2048K, 2 young (4096K), 2 survivors (4096K)
 Metaspace       used 4936K, committed 5056K, reserved 1114112K
  class space    used 574K, committed 640K, reserved 1048576K
}
Event: 1.612 GC heap before
{Heap before GC invocations=1 (full 0):
 garbage-first heap   total 253952K, used 35718K [0x0000000709400000, 0x0000000800000000)
  region size 2048K, 19 young (38912K), 2 survivors (4096K)
 Metaspace       used 13669K, committed 13952K, reserved 1114112K
  class space    used 2001K, committed 2112K, reserved 1048576K
}
Event: 1.621 GC heap after
{Heap after GC invocations=2 (full 0):
 garbage-first heap   total 253952K, used 6972K [0x0000000709400000, 0x0000000800000000)
  region size 2048K, 3 young (6144K), 3 survivors (6144K)
 Metaspace       used 13669K, committed 13952K, reserved 1114112K
  class space    used 2001K, committed 2112K, reserved 1048576K
}
Event: 28.319 GC heap before
{Heap before GC invocations=2 (full 0):
 garbage-first heap   total 253952K, used 35644K [0x0000000709400000, 0x0000000800000000)
  region size 2048K, 17 young (34816K), 3 survivors (6144K)
 Metaspace       used 21318K, committed 21504K, reserved 1114112K
  class space    used 2728K, committed 2816K, reserved 1048576K
}
Event: 28.329 GC heap after
{Heap after GC invocations=3 (full 0):
 garbage-first heap   total 253952K, used 13116K [0x0000000709400000, 0x0000000800000000)
  region size 2048K, 5 young (10240K), 5 survivors (10240K)
 Metaspace       used 21318K, committed 21504K, reserved 1114112K
  class space    used 2728K, committed 2816K, reserved 1048576K
}
Event: 32.956 GC heap before
{Heap before GC invocations=4 (full 0):
 garbage-first heap   total 55296K, used 39740K [0x0000000709400000, 0x0000000800000000)
  region size 2048K, 16 young (32768K), 5 survivors (10240K)
 Metaspace       used 26468K, committed 26816K, reserved 1114112K
  class space    used 3491K, committed 3648K, reserved 1048576K
}
Event: 32.973 GC heap after
{Heap after GC invocations=5 (full 0):
 garbage-first heap   total 55296K, used 17298K [0x0000000709400000, 0x0000000800000000)
  region size 2048K, 2 young (4096K), 2 survivors (4096K)
 Metaspace       used 26468K, committed 26816K, reserved 1114112K
  class space    used 3491K, committed 3648K, reserved 1048576K
}

